16:12:20-INFO-wizard_driver-40-进入步骤定义 向导界面
16:12:20-INFO-wizard_driver-45-开始监听鼠标与键盘操作
16:12:43-INFO-main_driver-35-切换至用户操作界面
16:12:43-INFO-main_driver-62-开始构建测试步骤......
16:13:30-INFO-wizard_driver-40-进入步骤定义 向导界面
16:13:30-INFO-wizard_driver-45-开始监听鼠标与键盘操作
16:13:48-INFO-main_driver-35-切换至用户操作界面
16:13:48-INFO-main_driver-62-开始构建测试步骤......
16:15:24-INFO-wizard_driver-40-进入步骤定义 向导界面
16:15:24-INFO-wizard_driver-45-开始监听鼠标与键盘操作
16:15:30-INFO-main_driver-35-切换至用户操作界面
16:15:30-INFO-main_driver-62-开始构建测试步骤......
16:16:31-INFO-wizard_driver-40-进入步骤定义 向导界面
16:16:31-INFO-wizard_driver-45-开始监听鼠标与键盘操作
16:16:35-INFO-main_driver-35-切换至用户操作界面
16:16:35-INFO-main_driver-62-开始构建测试步骤......
16:16:35-SUCCESS-main_driver-78-操作步骤已成功生成
16:18:08-INFO-wizard_driver-40-进入步骤定义 向导界面
16:18:08-INFO-wizard_driver-45-开始监听鼠标与键盘操作
16:21:55-INFO-wizard_driver-40-进入步骤定义 向导界面
16:21:55-INFO-wizard_driver-45-开始监听鼠标与键盘操作
16:22:16-INFO-main_driver-35-切换至用户操作界面
16:22:16-INFO-main_driver-63-开始构建测试步骤......
16:22:16-SUCCESS-main_driver-79-操作步骤已成功生成
16:22:36-ERROR-wizard_driver-69-'OperateAction'
16:22:36-ERROR-wizard_driver-69-'OperateAction'
16:22:36-ERROR-wizard_driver-69-'OperateAction'
16:22:36-ERROR-wizard_driver-69-'OperateAction'
16:22:36-ERROR-wizard_driver-69-'OperateAction'
16:22:37-ERROR-wizard_driver-69-'OperateAction'
16:24:42-INFO-wizard_driver-40-进入步骤定义 向导界面
16:24:42-INFO-wizard_driver-45-开始监听鼠标与键盘操作
16:24:55-INFO-main_driver-35-切换至用户操作界面
16:24:55-INFO-main_driver-63-开始构建测试步骤......
16:24:55-SUCCESS-main_driver-79-操作步骤已成功生成
16:25:14-ERROR-wizard_driver-69-'OperateAction'
16:25:14-ERROR-wizard_driver-69-'OperateAction'
16:25:15-ERROR-wizard_driver-69-'OperateAction'
16:25:15-ERROR-wizard_driver-69-'OperateAction'
16:25:15-ERROR-wizard_driver-69-'OperateAction'
16:25:15-ERROR-wizard_driver-69-'OperateAction'
16:25:17-SUCCESS-wizard_driver-70-操作步骤全部执行完成
16:31:08-INFO-wizard_driver-40-进入步骤定义 向导界面
16:31:08-INFO-wizard_driver-45-开始监听鼠标与键盘操作
16:31:25-INFO-main_driver-35-切换至用户操作界面
16:31:25-INFO-main_driver-63-开始构建测试步骤......
16:31:25-SUCCESS-main_driver-79-操作步骤已成功生成
16:31:51-SUCCESS-wizard_driver-71-操作步骤全部执行完成
16:36:51-INFO-wizard_driver-40-进入步骤定义 向导界面
16:36:51-INFO-wizard_driver-45-开始监听鼠标与键盘操作
16:38:21-INFO-wizard_driver-40-进入步骤定义 向导界面
16:38:21-INFO-wizard_driver-45-开始监听鼠标与键盘操作
16:38:31-INFO-main_driver-35-切换至用户操作界面
16:38:31-INFO-main_driver-63-开始构建测试步骤......
16:38:31-SUCCESS-main_driver-79-操作步骤已成功生成
16:38:49-SUCCESS-wizard_driver-71-操作步骤全部执行完成
16:44:01-INFO-wizard_driver-40-进入步骤定义 向导界面
16:44:01-INFO-wizard_driver-45-开始监听鼠标与键盘操作
16:44:22-INFO-main_driver-35-切换至用户操作界面
16:44:22-INFO-main_driver-63-开始构建测试步骤......
16:44:22-SUCCESS-main_driver-79-操作步骤已成功生成
16:44:53-SUCCESS-wizard_driver-71-操作步骤全部执行完成
16:57:56-INFO-wizard_driver-40-进入步骤定义 向导界面
16:57:56-INFO-wizard_driver-45-开始监听鼠标与键盘操作
16:58:20-INFO-main_driver-36-切换至用户操作界面
16:58:20-INFO-main_driver-64-开始构建测试步骤......
16:58:20-SUCCESS-main_driver-80-操作步骤已成功生成
16:58:50-SUCCESS-wizard_driver-71-操作步骤全部执行完成
17:06:38-INFO-wizard_driver-40-进入步骤定义 向导界面
17:06:38-INFO-wizard_driver-45-开始监听鼠标与键盘操作
17:06:58-INFO-main_driver-36-切换至用户操作界面
17:06:59-INFO-main_driver-64-开始构建测试步骤......
17:06:59-SUCCESS-main_driver-80-操作步骤已成功生成
17:07:32-SUCCESS-wizard_driver-71-操作步骤全部执行完成
17:08:36-INFO-wizard_driver-40-进入步骤定义 向导界面
17:08:36-INFO-wizard_driver-45-开始监听鼠标与键盘操作
17:08:49-INFO-main_driver-36-切换至用户操作界面
17:08:49-INFO-main_driver-64-开始构建测试步骤......
17:08:49-SUCCESS-main_driver-80-操作步骤已成功生成
17:09:26-INFO-wizard_driver-40-进入步骤定义 向导界面
17:09:26-INFO-wizard_driver-45-开始监听鼠标与键盘操作
17:09:50-INFO-main_driver-36-切换至用户操作界面
17:09:50-INFO-main_driver-64-开始构建测试步骤......
17:09:50-SUCCESS-main_driver-80-操作步骤已成功生成
17:12:58-INFO-wizard_driver-40-进入步骤定义 向导界面
17:12:58-INFO-wizard_driver-45-开始监听鼠标与键盘操作
17:13:17-INFO-main_driver-36-切换至用户操作界面
17:13:17-INFO-main_driver-64-开始构建测试步骤......
17:13:17-SUCCESS-main_driver-80-操作步骤已成功生成
17:13:39-SUCCESS-wizard_driver-71-操作步骤全部执行完成
17:15:56-INFO-wizard_driver-40-进入步骤定义 向导界面
17:15:56-INFO-wizard_driver-45-开始监听鼠标与键盘操作
17:16:29-INFO-main_driver-36-切换至用户操作界面
17:16:29-INFO-main_driver-64-开始构建测试步骤......
17:16:29-SUCCESS-main_driver-80-操作步骤已成功生成
17:17:13-SUCCESS-wizard_driver-71-操作步骤全部执行完成
17:19:42-SUCCESS-wizard_driver-71-操作步骤全部执行完成
17:19:55-INFO-wizard_driver-40-进入步骤定义 向导界面
17:19:55-INFO-wizard_driver-45-开始监听鼠标与键盘操作
17:20:15-INFO-main_driver-36-切换至用户操作界面
17:20:15-INFO-main_driver-64-开始构建测试步骤......
17:20:15-SUCCESS-main_driver-80-操作步骤已成功生成
17:20:36-SUCCESS-wizard_driver-71-操作步骤全部执行完成
17:21:10-INFO-wizard_driver-40-进入步骤定义 向导界面
17:21:10-INFO-wizard_driver-45-开始监听鼠标与键盘操作
17:21:38-INFO-main_driver-36-切换至用户操作界面
17:21:38-INFO-main_driver-64-开始构建测试步骤......
17:21:38-SUCCESS-main_driver-80-操作步骤已成功生成
17:22:12-SUCCESS-wizard_driver-71-操作步骤全部执行完成
17:22:22-INFO-wizard_driver-40-进入步骤定义 向导界面
17:22:22-INFO-wizard_driver-45-开始监听鼠标与键盘操作
17:25:26-INFO-wizard_driver-40-进入步骤定义 向导界面
17:25:26-INFO-wizard_driver-45-开始监听鼠标与键盘操作
17:25:54-INFO-main_driver-36-切换至用户操作界面
17:25:54-INFO-main_driver-64-开始构建测试步骤......
17:25:54-SUCCESS-main_driver-80-操作步骤已成功生成
17:26:38-SUCCESS-wizard_driver-71-操作步骤全部执行完成
17:27:21-INFO-wizard_driver-41-进入步骤定义 向导界面
17:27:21-INFO-wizard_driver-46-开始监听鼠标与键盘操作
17:27:33-INFO-main_driver-36-切换至用户操作界面
17:27:33-INFO-main_driver-64-开始构建测试步骤......
17:27:33-SUCCESS-main_driver-80-操作步骤已成功生成
17:27:49-SUCCESS-wizard_driver-72-操作步骤全部执行完成
17:28:33-INFO-wizard_driver-41-进入步骤定义 向导界面
17:28:33-INFO-wizard_driver-46-开始监听鼠标与键盘操作
17:28:43-INFO-main_driver-36-切换至用户操作界面
17:28:43-INFO-main_driver-64-开始构建测试步骤......
17:28:43-SUCCESS-main_driver-80-操作步骤已成功生成
17:28:58-SUCCESS-wizard_driver-72-操作步骤全部执行完成
17:32:49-INFO-wizard_driver-41-进入步骤定义 向导界面
17:32:49-INFO-wizard_driver-46-开始监听鼠标与键盘操作
17:33:03-INFO-main_driver-36-切换至用户操作界面
17:33:03-INFO-main_driver-64-开始构建测试步骤......
17:33:03-SUCCESS-main_driver-80-操作步骤已成功生成
17:33:26-SUCCESS-wizard_driver-72-操作步骤全部执行完成
17:34:19-INFO-wizard_driver-41-进入步骤定义 向导界面
17:34:19-INFO-wizard_driver-46-开始监听鼠标与键盘操作
17:34:29-INFO-main_driver-36-切换至用户操作界面
17:34:29-INFO-main_driver-64-开始构建测试步骤......
17:34:29-SUCCESS-main_driver-80-操作步骤已成功生成
17:34:42-SUCCESS-wizard_driver-72-操作步骤全部执行完成
17:35:43-INFO-wizard_driver-41-进入步骤定义 向导界面
17:35:43-INFO-wizard_driver-46-开始监听鼠标与键盘操作
17:35:53-INFO-main_driver-36-切换至用户操作界面
17:35:53-INFO-main_driver-64-开始构建测试步骤......
17:35:53-SUCCESS-main_driver-80-操作步骤已成功生成
17:36:07-SUCCESS-wizard_driver-72-操作步骤全部执行完成
